Compiled jquery.js  (2ms)  (pid 31328)
Compiled jquery_ujs.js  (0ms)  (pid 31328)
Compiled foundation/foundation.js  (0ms)  (pid 31328)
Compiled foundation/foundation.alerts.js  (0ms)  (pid 31328)
Compiled foundation/foundation.clearing.js  (0ms)  (pid 31328)
Compiled foundation/foundation.cookie.js  (0ms)  (pid 31328)
Compiled foundation/foundation.dropdown.js  (0ms)  (pid 31328)
Compiled foundation/foundation.forms.js  (0ms)  (pid 31328)
Compiled foundation/foundation.joyride.js  (0ms)  (pid 31328)
Compiled foundation/foundation.magellan.js  (0ms)  (pid 31328)
Compiled foundation/foundation.orbit.js  (0ms)  (pid 31328)
Compiled foundation/foundation.placeholder.js  (0ms)  (pid 31328)
Compiled foundation/foundation.reveal.js  (0ms)  (pid 31328)
Compiled foundation/foundation.section.js  (0ms)  (pid 31328)
Compiled foundation/foundation.tooltips.js  (0ms)  (pid 31328)
Compiled foundation/foundation.topbar.js  (1ms)  (pid 31328)
Compiled foundation/index.js  (397ms)  (pid 31328)
Compiled foundation.abide.js  (0ms)  (pid 31328)
Compiled jquery.tokeninput.js  (0ms)  (pid 31328)
Compiled mailchimp.js  (0ms)  (pid 31328)
Compiled smoothscroll.js  (0ms)  (pid 31328)
Compiled static_page.js  (0ms)  (pid 31328)
Compiled vevents.js  (0ms)  (pid 31328)
Compiled zepto.js  (1ms)  (pid 31328)
Compiled application.js  (1842ms)  (pid 31328)
Compiled all/foundation_and_overrides.css  (2093ms)  (pid 31328)
Compiled all/overrides.css  (11ms)  (pid 31328)
Compiled application-all.css  (2233ms)  (pid 31328)
Compiled backend/backend.css  (1067ms)  (pid 31328)
Compiled backend/token-input-facebook.css  (0ms)  (pid 31328)
Compiled application-backend.css  (1153ms)  (pid 31328)
Compiled frontend/frontend.css  (920ms)  (pid 31328)
Compiled application-frontend.css  (946ms)  (pid 31328)
Compiled vendor/custom.modernizr.js  (0ms)  (pid 31328)
Compiled vendor/zepto.js  (1ms)  (pid 31328)
Compiled jquery.js  (2ms)  (pid 31328)
Compiled jquery_ujs.js  (0ms)  (pid 31328)
Compiled foundation/foundation.js  (0ms)  (pid 31328)
Compiled foundation/foundation.alerts.js  (0ms)  (pid 31328)
Compiled foundation/foundation.clearing.js  (0ms)  (pid 31328)
Compiled foundation/foundation.cookie.js  (0ms)  (pid 31328)
Compiled foundation/foundation.dropdown.js  (0ms)  (pid 31328)
Compiled foundation/foundation.forms.js  (0ms)  (pid 31328)
Compiled foundation/foundation.joyride.js  (0ms)  (pid 31328)
Compiled foundation/foundation.magellan.js  (0ms)  (pid 31328)
Compiled foundation/foundation.orbit.js  (0ms)  (pid 31328)
Compiled foundation/foundation.placeholder.js  (0ms)  (pid 31328)
Compiled foundation/foundation.reveal.js  (0ms)  (pid 31328)
Compiled foundation/foundation.section.js  (0ms)  (pid 31328)
Compiled foundation/foundation.tooltips.js  (0ms)  (pid 31328)
Compiled foundation/foundation.topbar.js  (0ms)  (pid 31328)
Compiled foundation/index.js  (140ms)  (pid 31328)
Compiled foundation.abide.js  (0ms)  (pid 31328)
Compiled jquery.tokeninput.js  (0ms)  (pid 31328)
Compiled mailchimp.js  (0ms)  (pid 31328)
Compiled smoothscroll.js  (1ms)  (pid 31328)
Compiled static_page.js  (0ms)  (pid 31328)
Compiled vevents.js  (0ms)  (pid 31328)
Compiled zepto.js  (0ms)  (pid 31328)
Compiled application.js  (274ms)  (pid 31328)
Compiled all/foundation_and_overrides.css  (1839ms)  (pid 31328)
Compiled all/overrides.css  (12ms)  (pid 31328)
Compiled application-all.css  (1873ms)  (pid 31328)
Compiled backend/backend.css  (957ms)  (pid 31328)
Compiled backend/token-input-facebook.css  (0ms)  (pid 31328)
Compiled application-backend.css  (976ms)  (pid 31328)
Compiled frontend/frontend.css  (911ms)  (pid 31328)
Compiled application-frontend.css  (920ms)  (pid 31328)
Compiled vendor/custom.modernizr.js  (0ms)  (pid 31328)
Compiled vendor/zepto.js  (1ms)  (pid 31328)
Compiled jquery.js  (2ms)  (pid 31358)
Compiled jquery_ujs.js  (0ms)  (pid 31358)
Compiled foundation/foundation.js  (0ms)  (pid 31358)
Compiled foundation/foundation.alerts.js  (0ms)  (pid 31358)
Compiled foundation/foundation.clearing.js  (0ms)  (pid 31358)
Compiled foundation/foundation.cookie.js  (0ms)  (pid 31358)
Compiled foundation/foundation.dropdown.js  (0ms)  (pid 31358)
Compiled foundation/foundation.forms.js  (0ms)  (pid 31358)
Compiled foundation/foundation.joyride.js  (0ms)  (pid 31358)
Compiled foundation/foundation.magellan.js  (0ms)  (pid 31358)
Compiled foundation/foundation.orbit.js  (0ms)  (pid 31358)
Compiled foundation/foundation.placeholder.js  (1ms)  (pid 31358)
Compiled foundation/foundation.reveal.js  (0ms)  (pid 31358)
Compiled foundation/foundation.section.js  (0ms)  (pid 31358)
Compiled foundation/foundation.tooltips.js  (0ms)  (pid 31358)
Compiled foundation/foundation.topbar.js  (0ms)  (pid 31358)
Compiled foundation/index.js  (128ms)  (pid 31358)
Compiled foundation.abide.js  (0ms)  (pid 31358)
Compiled jquery.tokeninput.js  (0ms)  (pid 31358)
Compiled mailchimp.js  (0ms)  (pid 31358)
Compiled smoothscroll.js  (0ms)  (pid 31358)
Compiled static_page.js  (0ms)  (pid 31358)
Compiled vevents.js  (0ms)  (pid 31358)
Compiled zepto.js  (0ms)  (pid 31358)
Compiled application.js  (283ms)  (pid 31358)
Compiled all/foundation_and_overrides.css  (1862ms)  (pid 31358)
Compiled all/overrides.css  (11ms)  (pid 31358)
Compiled application-all.css  (1954ms)  (pid 31358)
Compiled backend/backend.css  (914ms)  (pid 31358)
Compiled backend/token-input-facebook.css  (0ms)  (pid 31358)
Compiled application-backend.css  (956ms)  (pid 31358)
Compiled frontend/frontend.css  (897ms)  (pid 31358)
Compiled application-frontend.css  (908ms)  (pid 31358)
Compiled vendor/custom.modernizr.js  (0ms)  (pid 31358)
Compiled vendor/zepto.js  (1ms)  (pid 31358)
Compiled jquery.js  (2ms)  (pid 31358)
Compiled jquery_ujs.js  (0ms)  (pid 31358)
Compiled foundation/foundation.js  (0ms)  (pid 31358)
Compiled foundation/foundation.alerts.js  (2ms)  (pid 31358)
Compiled foundation/foundation.clearing.js  (0ms)  (pid 31358)
Compiled foundation/foundation.cookie.js  (0ms)  (pid 31358)
Compiled foundation/foundation.dropdown.js  (0ms)  (pid 31358)
Compiled foundation/foundation.forms.js  (0ms)  (pid 31358)
Compiled foundation/foundation.joyride.js  (0ms)  (pid 31358)
Compiled foundation/foundation.magellan.js  (2ms)  (pid 31358)
Compiled foundation/foundation.orbit.js  (1ms)  (pid 31358)
Compiled foundation/foundation.placeholder.js  (0ms)  (pid 31358)
Compiled foundation/foundation.reveal.js  (0ms)  (pid 31358)
Compiled foundation/foundation.section.js  (0ms)  (pid 31358)
Compiled foundation/foundation.tooltips.js  (0ms)  (pid 31358)
Compiled foundation/foundation.topbar.js  (0ms)  (pid 31358)
Compiled foundation/index.js  (176ms)  (pid 31358)
Compiled foundation.abide.js  (0ms)  (pid 31358)
Compiled jquery.tokeninput.js  (0ms)  (pid 31358)
Compiled mailchimp.js  (0ms)  (pid 31358)
Compiled smoothscroll.js  (0ms)  (pid 31358)
Compiled static_page.js  (0ms)  (pid 31358)
Compiled vevents.js  (0ms)  (pid 31358)
Compiled zepto.js  (0ms)  (pid 31358)
Compiled application.js  (305ms)  (pid 31358)
Compiled all/foundation_and_overrides.css  (1841ms)  (pid 31358)
Compiled all/overrides.css  (15ms)  (pid 31358)
Compiled application-all.css  (1877ms)  (pid 31358)
Compiled backend/backend.css  (1041ms)  (pid 31358)
Compiled backend/token-input-facebook.css  (0ms)  (pid 31358)
Compiled application-backend.css  (1062ms)  (pid 31358)
Compiled frontend/frontend.css  (927ms)  (pid 31358)
Compiled application-frontend.css  (939ms)  (pid 31358)
Compiled vendor/custom.modernizr.js  (0ms)  (pid 31358)
Compiled vendor/zepto.js  (0ms)  (pid 31358)
